<?xml version="1.0" encoding="UTF-8"?>
<!-- Generated by org.testng.reporters.JUnitXMLReporter -->
<testsuite ignored="0" hostname="DESKTOP-0NKI9S4" failures="5" tests="15" name="TN Tests" time="143.049" errors="0" timestamp="2023-06-27T00:56:58 PDT">
  <testcase classname="com.tn.testcases.LoginTest" name="verifyLoginWithValidCredentials" time="0.03">
    <failure type="java.lang.IllegalArgumentException" message="Keys to send should be a not null CharSequence">
      <![CDATA[java.lang.IllegalArgumentException: Keys to send should be a not null CharSequence
at org.openqa.selenium.remote.RemoteWebElement.sendKeys(RemoteWebElement.java:98)
at org.openqa.selenium.support.pagefactory.internal.LocatingElementHandler.invoke(LocatingElementHandler.java:52)
at jdk.proxy2/jdk.proxy2.$Proxy17.sendKeys(Unknown Source)
at com.tn.pages.LoginPage.enterEmail(LoginPage.java:30)
at com.tn.testcases.LoginTest.verifyLoginWithValidCredentials(LoginTest.java:34)
at java.base/java.util.ArrayList.forEach(ArrayList.java:1511)
... Removed 31 stack frames]]>
    </failure>
  </testcase> <!-- verifyLoginWithValidCredentials -->
  <testcase classname="com.tn.testcases.LoginTest" name="verifyLoginWithInvalidCredentials" time="0.648">
    <failure type="java.lang.AssertionError" message="The following asserts failed:
	expected [true] but found [false]">
      <![CDATA[java.lang.AssertionError: The following asserts failed:
expected [true] but found [false]
at com.tn.testcases.LoginTest.verifyLoginWithInvalidCredentials(LoginTest.java:51)
at java.base/java.util.ArrayList.forEach(ArrayList.java:1511)
... Removed 29 stack frames]]>
    </failure>
  </testcase> <!-- verifyLoginWithInvalidCredentials -->
  <testcase classname="com.tn.testcases.LoginTest" name="verifyLoginWithValidEmailInvalidPassword" time="0.587">
    <failure type="java.lang.AssertionError" message="The following asserts failed:
	expected [true] but found [false]">
      <![CDATA[java.lang.AssertionError: The following asserts failed:
expected [true] but found [false]
at com.tn.testcases.LoginTest.verifyLoginWithValidEmailInvalidPassword(LoginTest.java:63)
at java.base/java.util.ArrayList.forEach(ArrayList.java:1511)
... Removed 29 stack frames]]>
    </failure>
  </testcase> <!-- verifyLoginWithValidEmailInvalidPassword -->
  <testcase classname="com.tn.testcases.LoginTest" name="verifyLoginWithInvalidEmailValidPassword" time="0.485">
    <failure type="java.lang.AssertionError" message="The following asserts failed:
	expected [true] but found [false],
	expected [true] but found [false]">
      <![CDATA[java.lang.AssertionError: The following asserts failed:
expected [true] but found [false],
expected [true] but found [false]
at com.tn.testcases.LoginTest.verifyLoginWithInvalidEmailValidPassword(LoginTest.java:75)
at java.base/java.util.ArrayList.forEach(ArrayList.java:1511)
... Removed 29 stack frames]]>
    </failure>
  </testcase> <!-- verifyLoginWithInvalidEmailValidPassword -->
  <testcase classname="com.tn.testcases.LoginTest" name="verifyLoginWithNoCredentials" time="0.425">
    <failure type="java.lang.AssertionError" message="The following asserts failed:
	expected [true] but found [false],
	expected [true] but found [false]">
      <![CDATA[java.lang.AssertionError: The following asserts failed:
expected [true] but found [false],
expected [true] but found [false]
at com.tn.testcases.LoginTest.verifyLoginWithNoCredentials(LoginTest.java:85)
at java.base/java.util.ArrayList.forEach(ArrayList.java:1511)
... Removed 29 stack frames]]>
    </failure>
  </testcase> <!-- verifyLoginWithNoCredentials -->
  <testcase classname="com.tn.testcases.RegisterTest" name="verifyRegistrationWithOnlyMandatoryFields" time="1.09"/>
  <testcase classname="com.tn.testcases.RegisterTest" name="verifyRegistrationWithExistingEmail" time="0.806"/>
  <testcase classname="com.tn.testcases.RegisterTest" name="verifyRegistrationWithAllFieldsExceptFirstName" time="0.796"/>
  <testcase classname="com.tn.testcases.RegisterTest" name="verifyRegistrationWithAllFieldsExceptLastName" time="0.798"/>
  <testcase classname="com.tn.testcases.RegisterTest" name="verifyRegistrationWithAllFieldsExceptEmail" time="0.794"/>
  <testcase classname="com.tn.testcases.RegisterTest" name="verifyRegistrationWithAllFieldsExceptMobileNumber" time="0.768"/>
  <testcase classname="com.tn.testcases.RegisterTest" name="verifyRegistrationWithAllFieldsExceptPassword" time="0.758"/>
  <testcase classname="com.tn.testcases.RegisterTest" name="verifyRegistrationWithAllFieldsExceptPrivacy" time="0.973"/>
  <testcase classname="com.tn.testcases.RegisterTest" name="verifyRegistrationWithAllFieldsBlank" time="0.515"/>
  <testcase classname="com.tn.testcases.SearchProductTest" name="verifyValidProductCheckout" time="7.917"/>
</testsuite> <!-- TN Tests -->
