<?xml version="1.0" encoding="UTF-8"?>
<!-- Generated by org.testng.reporters.JUnitXMLReporter -->
<testsuite ignored="0" hostname="DESKTOP-0NKI9S4" failures="1" tests="3" name="TN Tests" time="34.989" errors="0" timestamp="27 Jun 2023 08:14:50 GMT">
  <testcase classname="com.tn.testcases.SearchProductTest" name="verifyValidProductCheckout" time="8.344"/>
  <testcase classname="com.tn.testcases.RegisterTest" name="verifyRegistrationWithOnlyMandatoryFields" time="1.049"/>
  <testcase classname="com.tn.testcases.LoginTest" name="verifyLoginWithValidCredentials" time="0.015">
    <failure type="java.lang.IllegalArgumentException" message="Keys to send should be a not null CharSequence">
      <![CDATA[java.lang.IllegalArgumentException: Keys to send should be a not null CharSequence
at org.openqa.selenium.remote.RemoteWebElement.sendKeys(RemoteWebElement.java:98)
at org.openqa.selenium.support.pagefactory.internal.LocatingElementHandler.invoke(LocatingElementHandler.java:52)
at jdk.proxy2/jdk.proxy2.$Proxy17.sendKeys(Unknown Source)
at com.tn.pages.LoginPage.enterEmail(LoginPage.java:30)
at com.tn.testcases.LoginTest.verifyLoginWithValidCredentials(LoginTest.java:34)
... Removed 32 stack frames]]>
    </failure>
  </testcase> <!-- verifyLoginWithValidCredentials -->
</testsuite> <!-- TN Tests -->
