<?xml version="1.0" encoding="UTF-8"?>
<!-- Generated by org.testng.reporters.JUnitXMLReporter -->
<testsuite ignored="0" hostname="DESKTOP-0NKI9S4" failures="2" tests="15" name="Test" time="166.576" errors="0" timestamp="2023-07-03T22:19:58 PDT">
  <testcase classname="com.tn.testcases.LoginTest" name="verifyLoginWithValidCredentials" time="1.039"/>
  <testcase classname="com.tn.testcases.LoginTest" name="verifyLoginWithInvalidCredentials" time="0.539"/>
  <testcase classname="com.tn.testcases.LoginTest" name="verifyLoginWithValidEmailInvalidPassword" time="0.566"/>
  <testcase classname="com.tn.testcases.LoginTest" name="verifyLoginWithInvalidEmailValidPassword" time="0.583">
    <failure type="java.lang.AssertionError" message="The following asserts failed:
	expected [true] but found [false]">
      <![CDATA[java.lang.AssertionError: The following asserts failed:
expected [true] but found [false]
at com.tn.testcases.LoginTest.verifyLoginWithInvalidEmailValidPassword(LoginTest.java:76)
at java.base/java.util.ArrayList.forEach(ArrayList.java:1511)
... Removed 33 stack frames]]>
    </failure>
  </testcase> <!-- verifyLoginWithInvalidEmailValidPassword -->
  <testcase classname="com.tn.testcases.LoginTest" name="verifyLoginWithNoCredentials" time="0.424">
    <failure type="java.lang.AssertionError" message="The following asserts failed:
	expected [true] but found [false]">
      <![CDATA[java.lang.AssertionError: The following asserts failed:
expected [true] but found [false]
at com.tn.testcases.LoginTest.verifyLoginWithNoCredentials(LoginTest.java:86)
at java.base/java.util.ArrayList.forEach(ArrayList.java:1511)
... Removed 33 stack frames]]>
    </failure>
  </testcase> <!-- verifyLoginWithNoCredentials -->
  <testcase classname="com.tn.testcases.RegisterTest" name="verifyRegistrationWithOnlyMandatoryFields" time="1.069"/>
  <testcase classname="com.tn.testcases.RegisterTest" name="verifyRegistrationWithExistingEmail" time="0.837"/>
  <testcase classname="com.tn.testcases.RegisterTest" name="verifyRegistrationWithAllFieldsExceptFirstName" time="0.81"/>
  <testcase classname="com.tn.testcases.RegisterTest" name="verifyRegistrationWithAllFieldsExceptLastName" time="0.789"/>
  <testcase classname="com.tn.testcases.RegisterTest" name="verifyRegistrationWithAllFieldsExceptEmail" time="0.817"/>
  <testcase classname="com.tn.testcases.RegisterTest" name="verifyRegistrationWithAllFieldsExceptMobileNumber" time="0.811"/>
  <testcase classname="com.tn.testcases.RegisterTest" name="verifyRegistrationWithAllFieldsExceptPassword" time="0.792"/>
  <testcase classname="com.tn.testcases.RegisterTest" name="verifyRegistrationWithAllFieldsExceptPrivacy" time="0.842"/>
  <testcase classname="com.tn.testcases.RegisterTest" name="verifyRegistrationWithAllFieldsBlank" time="0.537"/>
  <testcase classname="com.tn.testcases.SearchProductTest" name="verifyValidProductCheckout" time="6.968"/>
</testsuite> <!-- Test -->
