<?xml version="1.0" encoding="UTF-8"?>
<testng-results ignored="0" total="15" passed="13" failed="2" skipped="0">
  <reporter-output>
  </reporter-output>
  <suite started-at="2023-07-03T22:17:10 PDT" name="Suite" finished-at="2023-07-03T22:19:57 PDT" duration-ms="166576">
    <groups>
    </groups>
    <test started-at="2023-07-03T22:17:10 PDT" name="Test" finished-at="2023-07-03T22:19:57 PDT" duration-ms="166576">
      <class name="com.tn.testcases.SearchProductTest">
        <test-method is-config="true" signature="setUp()[pri:0, instance:com.tn.testcases.SearchProductTest@459e9125]" started-at="2023-07-03T22:19:46 PDT" name="setUp" finished-at="2023-07-03T22:19:50 PDT" duration-ms="4153" status="PASS">
          <reporter-output>
          </reporter-output>
        </test-method> <!-- setUp -->
        <test-method signature="verifyValidProductCheckout()[pri:0, instance:com.tn.testcases.SearchProductTest@459e9125]" started-at="2023-07-03T22:19:50 PDT" name="verifyValidProductCheckout" finished-at="2023-07-03T22:19:57 PDT" duration-ms="6968" status="PASS">
          <reporter-output>
          </reporter-output>
        </test-method> <!-- verifyValidProductCheckout -->
        <test-method is-config="true" signature="tearDown()[pri:0, instance:com.tn.testcases.SearchProductTest@459e9125]" started-at="2023-07-03T22:19:57 PDT" name="tearDown" finished-at="2023-07-03T22:19:57 PDT" duration-ms="203" status="PASS">
          <reporter-output>
          </reporter-output>
        </test-method> <!-- tearDown -->
      </class> <!-- com.tn.testcases.SearchProductTest -->
      <class name="com.tn.testcases.LoginTest">
        <test-method is-config="true" signature="setUp()[pri:0, instance:com.tn.testcases.LoginTest@1623b78d]" started-at="2023-07-03T22:17:11 PDT" name="setUp" finished-at="2023-07-03T22:17:16 PDT" duration-ms="5617" status="PASS">
          <reporter-output>
          </reporter-output>
        </test-method> <!-- setUp -->
        <test-method signature="verifyLoginWithValidCredentials()[pri:1, instance:com.tn.testcases.LoginTest@1623b78d]" started-at="2023-07-03T22:17:16 PDT" name="verifyLoginWithValidCredentials" finished-at="2023-07-03T22:17:17 PDT" duration-ms="1039" status="PASS">
          <reporter-output>
          </reporter-output>
        </test-method> <!-- verifyLoginWithValidCredentials -->
        <test-method is-config="true" signature="tearDown()[pri:0, instance:com.tn.testcases.LoginTest@1623b78d]" started-at="2023-07-03T22:17:17 PDT" name="tearDown" finished-at="2023-07-03T22:17:17 PDT" duration-ms="127" status="PASS">
          <reporter-output>
          </reporter-output>
        </test-method> <!-- tearDown -->
        <test-method is-config="true" signature="setUp()[pri:0, instance:com.tn.testcases.LoginTest@1623b78d]" started-at="2023-07-03T22:17:17 PDT" name="setUp" finished-at="2023-07-03T22:17:26 PDT" duration-ms="8348" status="PASS">
          <reporter-output>
          </reporter-output>
        </test-method> <!-- setUp -->
        <test-method signature="verifyLoginWithInvalidCredentials()[pri:2, instance:com.tn.testcases.LoginTest@1623b78d]" started-at="2023-07-03T22:17:26 PDT" name="verifyLoginWithInvalidCredentials" finished-at="2023-07-03T22:17:26 PDT" duration-ms="539" status="PASS">
          <reporter-output>
          </reporter-output>
        </test-method> <!-- verifyLoginWithInvalidCredentials -->
        <test-method is-config="true" signature="tearDown()[pri:0, instance:com.tn.testcases.LoginTest@1623b78d]" started-at="2023-07-03T22:17:26 PDT" name="tearDown" finished-at="2023-07-03T22:17:26 PDT" duration-ms="110" status="PASS">
          <reporter-output>
          </reporter-output>
        </test-method> <!-- tearDown -->
        <test-method is-config="true" signature="setUp()[pri:0, instance:com.tn.testcases.LoginTest@1623b78d]" started-at="2023-07-03T22:17:26 PDT" name="setUp" finished-at="2023-07-03T22:17:35 PDT" duration-ms="8637" status="PASS">
          <reporter-output>
          </reporter-output>
        </test-method> <!-- setUp -->
        <test-method signature="verifyLoginWithValidEmailInvalidPassword()[pri:3, instance:com.tn.testcases.LoginTest@1623b78d]" started-at="2023-07-03T22:17:35 PDT" name="verifyLoginWithValidEmailInvalidPassword" finished-at="2023-07-03T22:17:35 PDT" duration-ms="566" status="PASS">
          <reporter-output>
          </reporter-output>
        </test-method> <!-- verifyLoginWithValidEmailInvalidPassword -->
        <test-method is-config="true" signature="tearDown()[pri:0, instance:com.tn.testcases.LoginTest@1623b78d]" started-at="2023-07-03T22:17:35 PDT" name="tearDown" finished-at="2023-07-03T22:17:36 PDT" duration-ms="117" status="PASS">
          <reporter-output>
          </reporter-output>
        </test-method> <!-- tearDown -->
        <test-method is-config="true" signature="setUp()[pri:0, instance:com.tn.testcases.LoginTest@1623b78d]" started-at="2023-07-03T22:17:36 PDT" name="setUp" finished-at="2023-07-03T22:17:40 PDT" duration-ms="4644" status="PASS">
          <reporter-output>
          </reporter-output>
        </test-method> <!-- setUp -->
        <test-method signature="verifyLoginWithInvalidEmailValidPassword()[pri:4, instance:com.tn.testcases.LoginTest@1623b78d]" started-at="2023-07-03T22:17:40 PDT" name="verifyLoginWithInvalidEmailValidPassword" finished-at="2023-07-03T22:17:41 PDT" duration-ms="583" status="FAIL">
          <exception class="java.lang.AssertionError">
            <message>
              <![CDATA[The following asserts failed:
expected [true] but found [false]]]>
            </message>
            <full-stacktrace>
              <![CDATA[java.lang.AssertionError: The following asserts failed:
expected [true] but found [false]
at org.testng.asserts.SoftAssert.assertAll(SoftAssert.java:46)
at org.testng.asserts.SoftAssert.assertAll(SoftAssert.java:30)
at com.tn.testcases.LoginTest.verifyLoginWithInvalidEmailValidPassword(LoginTest.java:76)
at java.base/jdk.internal.reflect.NativeMethodAccessorImpl.invoke0(Native Method)
at java.base/jdk.internal.reflect.NativeMethodAccessorImpl.invoke(NativeMethodAccessorImpl.java:77)
at java.base/jdk.internal.reflect.DelegatingMethodAccessorImpl.invoke(DelegatingMethodAccessorImpl.java:43)
at java.base/java.lang.reflect.Method.invoke(Method.java:568)
at org.testng.internal.invokers.MethodInvocationHelper.invokeMethod(MethodInvocationHelper.java:139)
at org.testng.internal.invokers.TestInvoker.invokeMethod(TestInvoker.java:677)
at org.testng.internal.invokers.TestInvoker.invokeTestMethod(TestInvoker.java:221)
at org.testng.internal.invokers.MethodRunner.runInSequence(MethodRunner.java:50)
at org.testng.internal.invokers.TestInvoker$MethodInvocationAgent.invoke(TestInvoker.java:969)
at org.testng.internal.invokers.TestInvoker.invokeTestMethods(TestInvoker.java:194)
at org.testng.internal.invokers.TestMethodWorker.invokeTestMethods(TestMethodWorker.java:148)
at org.testng.internal.invokers.TestMethodWorker.run(TestMethodWorker.java:128)
at java.base/java.util.ArrayList.forEach(ArrayList.java:1511)
at org.testng.TestRunner.privateRun(TestRunner.java:829)
at org.testng.TestRunner.run(TestRunner.java:602)
at org.testng.SuiteRunner.runTest(SuiteRunner.java:437)
at org.testng.SuiteRunner.runSequentially(SuiteRunner.java:431)
at org.testng.SuiteRunner.privateRun(SuiteRunner.java:391)
at org.testng.SuiteRunner.run(SuiteRunner.java:330)
at org.testng.SuiteRunnerWorker.runSuite(SuiteRunnerWorker.java:52)
at org.testng.SuiteRunnerWorker.run(SuiteRunnerWorker.java:95)
at org.testng.TestNG.runSuitesSequentially(TestNG.java:1256)
at org.testng.TestNG.runSuitesLocally(TestNG.java:1176)
at org.testng.TestNG.runSuites(TestNG.java:1099)
at org.testng.TestNG.run(TestNG.java:1067)
at org.apache.maven.surefire.testng.TestNGExecutor.run(TestNGExecutor.java:324)
at org.apache.maven.surefire.testng.TestNGXmlTestSuite.execute(TestNGXmlTestSuite.java:74)
at org.apache.maven.surefire.testng.TestNGProvider.invoke(TestNGProvider.java:123)
at org.apache.maven.surefire.booter.ForkedBooter.runSuitesInProcess(ForkedBooter.java:456)
at org.apache.maven.surefire.booter.ForkedBooter.execute(ForkedBooter.java:169)
at org.apache.maven.surefire.booter.ForkedBooter.run(ForkedBooter.java:595)
at org.apache.maven.surefire.booter.ForkedBooter.main(ForkedBooter.java:581)
]]>
            </full-stacktrace>
          </exception> <!-- java.lang.AssertionError -->
          <reporter-output>
          </reporter-output>
        </test-method> <!-- verifyLoginWithInvalidEmailValidPassword -->
        <test-method is-config="true" signature="tearDown()[pri:0, instance:com.tn.testcases.LoginTest@1623b78d]" started-at="2023-07-03T22:17:41 PDT" name="tearDown" finished-at="2023-07-03T22:17:41 PDT" duration-ms="121" status="PASS">
          <reporter-output>
          </reporter-output>
        </test-method> <!-- tearDown -->
        <test-method is-config="true" signature="setUp()[pri:0, instance:com.tn.testcases.LoginTest@1623b78d]" started-at="2023-07-03T22:17:41 PDT" name="setUp" finished-at="2023-07-03T22:17:50 PDT" duration-ms="8577" status="PASS">
          <reporter-output>
          </reporter-output>
        </test-method> <!-- setUp -->
        <test-method signature="verifyLoginWithNoCredentials()[pri:5, instance:com.tn.testcases.LoginTest@1623b78d]" started-at="2023-07-03T22:17:50 PDT" name="verifyLoginWithNoCredentials" finished-at="2023-07-03T22:17:50 PDT" duration-ms="424" status="FAIL">
          <exception class="java.lang.AssertionError">
            <message>
              <![CDATA[The following asserts failed:
expected [true] but found [false]]]>
            </message>
            <full-stacktrace>
              <![CDATA[java.lang.AssertionError: The following asserts failed:
expected [true] but found [false]
at org.testng.asserts.SoftAssert.assertAll(SoftAssert.java:46)
at org.testng.asserts.SoftAssert.assertAll(SoftAssert.java:30)
at com.tn.testcases.LoginTest.verifyLoginWithNoCredentials(LoginTest.java:86)
at java.base/jdk.internal.reflect.NativeMethodAccessorImpl.invoke0(Native Method)
at java.base/jdk.internal.reflect.NativeMethodAccessorImpl.invoke(NativeMethodAccessorImpl.java:77)
at java.base/jdk.internal.reflect.DelegatingMethodAccessorImpl.invoke(DelegatingMethodAccessorImpl.java:43)
at java.base/java.lang.reflect.Method.invoke(Method.java:568)
at org.testng.internal.invokers.MethodInvocationHelper.invokeMethod(MethodInvocationHelper.java:139)
at org.testng.internal.invokers.TestInvoker.invokeMethod(TestInvoker.java:677)
at org.testng.internal.invokers.TestInvoker.invokeTestMethod(TestInvoker.java:221)
at org.testng.internal.invokers.MethodRunner.runInSequence(MethodRunner.java:50)
at org.testng.internal.invokers.TestInvoker$MethodInvocationAgent.invoke(TestInvoker.java:969)
at org.testng.internal.invokers.TestInvoker.invokeTestMethods(TestInvoker.java:194)
at org.testng.internal.invokers.TestMethodWorker.invokeTestMethods(TestMethodWorker.java:148)
at org.testng.internal.invokers.TestMethodWorker.run(TestMethodWorker.java:128)
at java.base/java.util.ArrayList.forEach(ArrayList.java:1511)
at org.testng.TestRunner.privateRun(TestRunner.java:829)
at org.testng.TestRunner.run(TestRunner.java:602)
at org.testng.SuiteRunner.runTest(SuiteRunner.java:437)
at org.testng.SuiteRunner.runSequentially(SuiteRunner.java:431)
at org.testng.SuiteRunner.privateRun(SuiteRunner.java:391)
at org.testng.SuiteRunner.run(SuiteRunner.java:330)
at org.testng.SuiteRunnerWorker.runSuite(SuiteRunnerWorker.java:52)
at org.testng.SuiteRunnerWorker.run(SuiteRunnerWorker.java:95)
at org.testng.TestNG.runSuitesSequentially(TestNG.java:1256)
at org.testng.TestNG.runSuitesLocally(TestNG.java:1176)
at org.testng.TestNG.runSuites(TestNG.java:1099)
at org.testng.TestNG.run(TestNG.java:1067)
at org.apache.maven.surefire.testng.TestNGExecutor.run(TestNGExecutor.java:324)
at org.apache.maven.surefire.testng.TestNGXmlTestSuite.execute(TestNGXmlTestSuite.java:74)
at org.apache.maven.surefire.testng.TestNGProvider.invoke(TestNGProvider.java:123)
at org.apache.maven.surefire.booter.ForkedBooter.runSuitesInProcess(ForkedBooter.java:456)
at org.apache.maven.surefire.booter.ForkedBooter.execute(ForkedBooter.java:169)
at org.apache.maven.surefire.booter.ForkedBooter.run(ForkedBooter.java:595)
at org.apache.maven.surefire.booter.ForkedBooter.main(ForkedBooter.java:581)
]]>
            </full-stacktrace>
          </exception> <!-- java.lang.AssertionError -->
          <reporter-output>
          </reporter-output>
        </test-method> <!-- verifyLoginWithNoCredentials -->
        <test-method is-config="true" signature="tearDown()[pri:0, instance:com.tn.testcases.LoginTest@1623b78d]" started-at="2023-07-03T22:17:50 PDT" name="tearDown" finished-at="2023-07-03T22:17:50 PDT" duration-ms="139" status="PASS">
          <reporter-output>
          </reporter-output>
        </test-method> <!-- tearDown -->
      </class> <!-- com.tn.testcases.LoginTest -->
      <class name="com.tn.testcases.RegisterTest">
        <test-method is-config="true" signature="setUp()[pri:0, instance:com.tn.testcases.RegisterTest@6f1de4c7]" started-at="2023-07-03T22:17:50 PDT" name="setUp" finished-at="2023-07-03T22:17:55 PDT" duration-ms="4279" status="PASS">
          <reporter-output>
          </reporter-output>
        </test-method> <!-- setUp -->
        <test-method signature="verifyRegistrationWithOnlyMandatoryFields()[pri:1, instance:com.tn.testcases.RegisterTest@6f1de4c7]" started-at="2023-07-03T22:17:55 PDT" name="verifyRegistrationWithOnlyMandatoryFields" finished-at="2023-07-03T22:17:56 PDT" duration-ms="1069" status="PASS">
          <reporter-output>
          </reporter-output>
        </test-method> <!-- verifyRegistrationWithOnlyMandatoryFields -->
        <test-method is-config="true" signature="tearDown()[pri:0, instance:com.tn.testcases.RegisterTest@6f1de4c7]" started-at="2023-07-03T22:17:56 PDT" name="tearDown" finished-at="2023-07-03T22:17:56 PDT" duration-ms="108" status="PASS">
          <reporter-output>
          </reporter-output>
        </test-method> <!-- tearDown -->
        <test-method is-config="true" signature="setUp()[pri:0, instance:com.tn.testcases.RegisterTest@6f1de4c7]" started-at="2023-07-03T22:17:56 PDT" name="setUp" finished-at="2023-07-03T22:18:01 PDT" duration-ms="4905" status="PASS">
          <reporter-output>
          </reporter-output>
        </test-method> <!-- setUp -->
        <test-method signature="verifyRegistrationWithExistingEmail()[pri:2, instance:com.tn.testcases.RegisterTest@6f1de4c7]" started-at="2023-07-03T22:18:01 PDT" name="verifyRegistrationWithExistingEmail" finished-at="2023-07-03T22:18:02 PDT" duration-ms="837" status="PASS">
          <reporter-output>
          </reporter-output>
        </test-method> <!-- verifyRegistrationWithExistingEmail -->
        <test-method is-config="true" signature="tearDown()[pri:0, instance:com.tn.testcases.RegisterTest@6f1de4c7]" started-at="2023-07-03T22:18:02 PDT" name="tearDown" finished-at="2023-07-03T22:18:02 PDT" duration-ms="116" status="PASS">
          <reporter-output>
          </reporter-output>
        </test-method> <!-- tearDown -->
        <test-method is-config="true" signature="setUp()[pri:0, instance:com.tn.testcases.RegisterTest@6f1de4c7]" started-at="2023-07-03T22:18:02 PDT" name="setUp" finished-at="2023-07-03T22:18:11 PDT" duration-ms="9452" status="PASS">
          <reporter-output>
          </reporter-output>
        </test-method> <!-- setUp -->
        <test-method signature="verifyRegistrationWithAllFieldsExceptFirstName()[pri:3, instance:com.tn.testcases.RegisterTest@6f1de4c7]" started-at="2023-07-03T22:18:11 PDT" name="verifyRegistrationWithAllFieldsExceptFirstName" finished-at="2023-07-03T22:18:12 PDT" duration-ms="810" status="PASS">
          <reporter-output>
          </reporter-output>
        </test-method> <!-- verifyRegistrationWithAllFieldsExceptFirstName -->
        <test-method is-config="true" signature="tearDown()[pri:0, instance:com.tn.testcases.RegisterTest@6f1de4c7]" started-at="2023-07-03T22:18:12 PDT" name="tearDown" finished-at="2023-07-03T22:18:12 PDT" duration-ms="120" status="PASS">
          <reporter-output>
          </reporter-output>
        </test-method> <!-- tearDown -->
        <test-method is-config="true" signature="setUp()[pri:0, instance:com.tn.testcases.RegisterTest@6f1de4c7]" started-at="2023-07-03T22:18:12 PDT" name="setUp" finished-at="2023-07-03T22:18:22 PDT" duration-ms="9376" status="PASS">
          <reporter-output>
          </reporter-output>
        </test-method> <!-- setUp -->
        <test-method signature="verifyRegistrationWithAllFieldsExceptLastName()[pri:4, instance:com.tn.testcases.RegisterTest@6f1de4c7]" started-at="2023-07-03T22:18:22 PDT" name="verifyRegistrationWithAllFieldsExceptLastName" finished-at="2023-07-03T22:18:22 PDT" duration-ms="789" status="PASS">
          <reporter-output>
          </reporter-output>
        </test-method> <!-- verifyRegistrationWithAllFieldsExceptLastName -->
        <test-method is-config="true" signature="tearDown()[pri:0, instance:com.tn.testcases.RegisterTest@6f1de4c7]" started-at="2023-07-03T22:18:22 PDT" name="tearDown" finished-at="2023-07-03T22:18:22 PDT" duration-ms="113" status="PASS">
          <reporter-output>
          </reporter-output>
        </test-method> <!-- tearDown -->
        <test-method is-config="true" signature="setUp()[pri:0, instance:com.tn.testcases.RegisterTest@6f1de4c7]" started-at="2023-07-03T22:18:22 PDT" name="setUp" finished-at="2023-07-03T22:18:27 PDT" duration-ms="4652" status="PASS">
          <reporter-output>
          </reporter-output>
        </test-method> <!-- setUp -->
        <test-method signature="verifyRegistrationWithAllFieldsExceptEmail()[pri:5, instance:com.tn.testcases.RegisterTest@6f1de4c7]" started-at="2023-07-03T22:18:27 PDT" name="verifyRegistrationWithAllFieldsExceptEmail" finished-at="2023-07-03T22:18:28 PDT" duration-ms="817" status="PASS">
          <reporter-output>
          </reporter-output>
        </test-method> <!-- verifyRegistrationWithAllFieldsExceptEmail -->
        <test-method is-config="true" signature="tearDown()[pri:0, instance:com.tn.testcases.RegisterTest@6f1de4c7]" started-at="2023-07-03T22:18:28 PDT" name="tearDown" finished-at="2023-07-03T22:18:28 PDT" duration-ms="115" status="PASS">
          <reporter-output>
          </reporter-output>
        </test-method> <!-- tearDown -->
        <test-method is-config="true" signature="setUp()[pri:0, instance:com.tn.testcases.RegisterTest@6f1de4c7]" started-at="2023-07-03T22:18:28 PDT" name="setUp" finished-at="2023-07-03T22:18:37 PDT" duration-ms="9301" status="PASS">
          <reporter-output>
          </reporter-output>
        </test-method> <!-- setUp -->
        <test-method signature="verifyRegistrationWithAllFieldsExceptMobileNumber()[pri:6, instance:com.tn.testcases.RegisterTest@6f1de4c7]" started-at="2023-07-03T22:18:37 PDT" name="verifyRegistrationWithAllFieldsExceptMobileNumber" finished-at="2023-07-03T22:18:38 PDT" duration-ms="811" status="PASS">
          <reporter-output>
          </reporter-output>
        </test-method> <!-- verifyRegistrationWithAllFieldsExceptMobileNumber -->
        <test-method is-config="true" signature="tearDown()[pri:0, instance:com.tn.testcases.RegisterTest@6f1de4c7]" started-at="2023-07-03T22:18:38 PDT" name="tearDown" finished-at="2023-07-03T22:18:38 PDT" duration-ms="127" status="PASS">
          <reporter-output>
          </reporter-output>
        </test-method> <!-- tearDown -->
        <test-method is-config="true" signature="setUp()[pri:0, instance:com.tn.testcases.RegisterTest@6f1de4c7]" started-at="2023-07-03T22:18:38 PDT" name="setUp" finished-at="2023-07-03T22:18:47 PDT" duration-ms="9212" status="PASS">
          <reporter-output>
          </reporter-output>
        </test-method> <!-- setUp -->
        <test-method signature="verifyRegistrationWithAllFieldsExceptPassword()[pri:7, instance:com.tn.testcases.RegisterTest@6f1de4c7]" started-at="2023-07-03T22:18:47 PDT" name="verifyRegistrationWithAllFieldsExceptPassword" finished-at="2023-07-03T22:18:48 PDT" duration-ms="792" status="PASS">
          <reporter-output>
          </reporter-output>
        </test-method> <!-- verifyRegistrationWithAllFieldsExceptPassword -->
        <test-method is-config="true" signature="tearDown()[pri:0, instance:com.tn.testcases.RegisterTest@6f1de4c7]" started-at="2023-07-03T22:18:48 PDT" name="tearDown" finished-at="2023-07-03T22:18:48 PDT" duration-ms="123" status="PASS">
          <reporter-output>
          </reporter-output>
        </test-method> <!-- tearDown -->
        <test-method is-config="true" signature="setUp()[pri:0, instance:com.tn.testcases.RegisterTest@6f1de4c7]" started-at="2023-07-03T22:18:48 PDT" name="setUp" finished-at="2023-07-03T22:18:58 PDT" duration-ms="9185" status="PASS">
          <reporter-output>
          </reporter-output>
        </test-method> <!-- setUp -->
        <test-method signature="verifyRegistrationWithAllFieldsExceptPrivacy()[pri:8, instance:com.tn.testcases.RegisterTest@6f1de4c7]" started-at="2023-07-03T22:18:58 PDT" name="verifyRegistrationWithAllFieldsExceptPrivacy" finished-at="2023-07-03T22:18:58 PDT" duration-ms="842" status="PASS">
          <reporter-output>
          </reporter-output>
        </test-method> <!-- verifyRegistrationWithAllFieldsExceptPrivacy -->
        <test-method is-config="true" signature="tearDown()[pri:0, instance:com.tn.testcases.RegisterTest@6f1de4c7]" started-at="2023-07-03T22:18:58 PDT" name="tearDown" finished-at="2023-07-03T22:18:59 PDT" duration-ms="119" status="PASS">
          <reporter-output>
          </reporter-output>
        </test-method> <!-- tearDown -->
        <test-method is-config="true" signature="setUp()[pri:0, instance:com.tn.testcases.RegisterTest@6f1de4c7]" started-at="2023-07-03T22:18:59 PDT" name="setUp" finished-at="2023-07-03T22:19:45 PDT" duration-ms="46390" status="PASS">
          <reporter-output>
          </reporter-output>
        </test-method> <!-- setUp -->
        <test-method signature="verifyRegistrationWithAllFieldsBlank()[pri:9, instance:com.tn.testcases.RegisterTest@6f1de4c7]" started-at="2023-07-03T22:19:45 PDT" name="verifyRegistrationWithAllFieldsBlank" finished-at="2023-07-03T22:19:45 PDT" duration-ms="537" status="PASS">
          <reporter-output>
          </reporter-output>
        </test-method> <!-- verifyRegistrationWithAllFieldsBlank -->
        <test-method is-config="true" signature="tearDown()[pri:0, instance:com.tn.testcases.RegisterTest@6f1de4c7]" started-at="2023-07-03T22:19:45 PDT" name="tearDown" finished-at="2023-07-03T22:19:46 PDT" duration-ms="111" status="PASS">
          <reporter-output>
          </reporter-output>
        </test-method> <!-- tearDown -->
      </class> <!-- com.tn.testcases.RegisterTest -->
    </test> <!-- Test -->
  </suite> <!-- Suite -->
</testng-results>
